android/app/build/intermediates/manifest_merge_blame_file/debug/manifest-merger-blame-debug-report.txt
1<?xml version="1.0" encoding="utf-8"?>
2<manifest xmlns:android="http://schemas.android.com/apk/res/android"
3    package="com.groceryshop"
4    android:versionCode="1"
5    android:versionName="1.0" >
6
7    <uses-sdk
8        android:minSdkVersion="21"
9        android:targetSdkVersion="31" />
10
11    <uses-permission android:name="android.permission.SYSTEM_ALERT_WINDOW" />
11-->src/debug/AndroidManifest.xml:5:5-77
11-->src/debug/AndroidManifest.xml:5:22-75
12    <uses-permission android:name="android.permission.INTERNET" />
12-->src/main/AndroidManifest.xml:3:5-67
12-->src/main/AndroidManifest.xml:3:22-64
13    <uses-permission android:name="android.permission.ACCESS_WIFI_STATE" />
13-->[com.facebook.flipper:flipper:0.125.0] AndroidManifest.xml:16:5-76
13-->[com.facebook.flipper:flipper:0.125.0] AndroidManifest.xml:16:22-73
14    <uses-permission android:name="android.permission.WRITE_EXTERNAL_STORAGE" />
14-->[:react-native-fs] AndroidManifest.xml:9:5-81
14-->[:react-native-fs] AndroidManifest.xml:9:22-78
15
16    <queries>
16-->[:react-native-image-crop-picker] AndroidManifest.xml:9:5-13:15
17        <intent>
17-->[:react-native-image-crop-picker] AndroidManifest.xml:10:9-12:18
18            <action android:name="android.media.action.IMAGE_CAPTURE" />
18-->[:react-native-image-crop-picker] AndroidManifest.xml:11:13-73
18-->[:react-native-image-crop-picker] AndroidManifest.xml:11:21-70
19        </intent>
20    </queries> <!-- Required to access Google Play Licensing -->
21    <uses-permission android:name="com.android.vending.CHECK_LICENSE" />
21-->[:rn-fetch-blob] AndroidManifest.xml:10:5-73
21-->[:rn-fetch-blob] AndroidManifest.xml:10:22-70
22    <!--
23         Required to keep CPU alive while downloading files
24        (NOT to keep screen awake)
25    -->
26    <uses-permission android:name="android.permission.WAKE_LOCK" />
26-->[:rn-fetch-blob] AndroidManifest.xml:19:5-68
26-->[:rn-fetch-blob] AndroidManifest.xml:19:22-65
27    <!--
28         Required to poll the state of the network connection
29        and respond to changes
30    -->
31    <uses-permission android:name="android.permission.ACCESS_NETWORK_STATE" />
31-->[:rn-fetch-blob] AndroidManifest.xml:25:5-79
31-->[:rn-fetch-blob] AndroidManifest.xml:25:22-76
32
33    <application
33-->src/main/AndroidManifest.xml:5:5-25:19
34        android:name="com.groceryshop.MainApplication"
34-->src/main/AndroidManifest.xml:6:7-38
35        android:allowBackup="false"
35-->src/main/AndroidManifest.xml:10:7-34
36        android:appComponentFactory="androidx.core.app.CoreComponentFactory"
36-->[androidx.core:core:1.6.0] AndroidManifest.xml:24:18-86
37        android:debuggable="true"
38        android:icon="@mipmap/ic_launcher"
38-->src/main/AndroidManifest.xml:8:7-41
39        android:label="@string/app_name"
39-->src/main/AndroidManifest.xml:7:7-39
40        android:roundIcon="@mipmap/ic_launcher_round"
40-->src/main/AndroidManifest.xml:9:7-52
41        android:theme="@style/AppTheme"
41-->src/main/AndroidManifest.xml:11:7-38
42        android:usesCleartextTraffic="true" >
42-->src/debug/AndroidManifest.xml:8:9-44
43        <activity
43-->src/debug/AndroidManifest.xml:11:9-111
44            android:name="com.facebook.react.devsupport.DevSettingsActivity"
44-->src/debug/AndroidManifest.xml:11:19-83
45            android:exported="false" />
45-->src/debug/AndroidManifest.xml:11:84-108
46        <activity
46-->src/main/AndroidManifest.xml:12:7-24:18
47            android:name="com.groceryshop.MainActivity"
47-->src/main/AndroidManifest.xml:13:9-37
48            android:configChanges="keyboard|keyboardHidden|orientation|screenLayout|screenSize|smallestScreenSize|uiMode"
48-->src/main/AndroidManifest.xml:16:9-118
49            android:exported="true"
49-->src/main/AndroidManifest.xml:19:9-32
50            android:label="@string/app_name"
50-->src/main/AndroidManifest.xml:15:9-41
51            android:launchMode="singleTask"
51-->src/main/AndroidManifest.xml:17:9-40
52            android:theme="@style/AppTheme"
52-->src/main/AndroidManifest.xml:14:9-40
53            android:windowSoftInputMode="adjustResize" >
53-->src/main/AndroidManifest.xml:18:9-51
54            <intent-filter>
54-->src/main/AndroidManifest.xml:20:9-23:25
55                <action android:name="android.intent.action.MAIN" />
55-->src/main/AndroidManifest.xml:21:13-65
55-->src/main/AndroidManifest.xml:21:21-62
56
57                <category android:name="android.intent.category.LAUNCHER" />
57-->src/main/AndroidManifest.xml:22:13-73
57-->src/main/AndroidManifest.xml:22:23-70
58            </intent-filter>
59        </activity>
60
61        <provider
61-->[:react-native-file-viewer] AndroidManifest.xml:10:9-18:20
62            android:name="com.vinzscam.reactnativefileviewer.FileProvider"
62-->[:react-native-file-viewer] AndroidManifest.xml:11:13-75
63            android:authorities="com.groceryshop.provider"
63-->[:react-native-file-viewer] AndroidManifest.xml:12:13-60
64            android:exported="false"
64-->[:react-native-file-viewer] AndroidManifest.xml:13:13-37
65            android:grantUriPermissions="true" >
65-->[:react-native-file-viewer] AndroidManifest.xml:14:13-47
66            <meta-data
66-->[:react-native-file-viewer] AndroidManifest.xml:15:13-17:70
67                android:name="android.support.FILE_PROVIDER_PATHS"
67-->[:react-native-file-viewer] AndroidManifest.xml:16:17-67
68                android:resource="@xml/file_viewer_provider_paths" />
68-->[:react-native-file-viewer] AndroidManifest.xml:17:17-67
69        </provider>
70        <provider
70-->[:react-native-image-crop-picker] AndroidManifest.xml:18:9-26:20
71            android:name="com.reactnative.ivpusic.imagepicker.IvpusicImagePickerFileProvider"
71-->[:react-native-image-crop-picker] AndroidManifest.xml:19:13-94
72            android:authorities="com.groceryshop.provider"
72-->[:react-native-image-crop-picker] AndroidManifest.xml:20:13-60
73            android:exported="false"
73-->[:react-native-image-crop-picker] AndroidManifest.xml:21:13-37
74            android:grantUriPermissions="true" >
74-->[:react-native-image-crop-picker] AndroidManifest.xml:22:13-47
75            <meta-data
75-->[:react-native-file-viewer] AndroidManifest.xml:15:13-17:70
76                android:name="android.support.FILE_PROVIDER_PATHS"
76-->[:react-native-file-viewer] AndroidManifest.xml:16:17-67
77                android:resource="@xml/ivpusic_imagepicker_provider_paths" />
77-->[:react-native-file-viewer] AndroidManifest.xml:17:17-67
78        </provider>
79
80        <activity
80-->[:react-native-image-crop-picker] AndroidManifest.xml:28:9-30:72
81            android:name="com.yalantis.ucrop.UCropActivity"
81-->[:react-native-image-crop-picker] AndroidManifest.xml:29:13-60
82            android:theme="@style/Theme.AppCompat.Light.NoActionBar" />
82-->[:react-native-image-crop-picker] AndroidManifest.xml:30:13-69
83
84        <provider
84-->[:rn-fetch-blob] AndroidManifest.xml:34:9-42:20
85            android:name="com.RNFetchBlob.Utils.FileProvider"
85-->[:rn-fetch-blob] AndroidManifest.xml:35:13-62
86            android:authorities="com.groceryshop.provider"
86-->[:rn-fetch-blob] AndroidManifest.xml:36:13-60
87            android:exported="false"
87-->[:rn-fetch-blob] AndroidManifest.xml:37:13-37
88            android:grantUriPermissions="true" >
88-->[:rn-fetch-blob] AndroidManifest.xml:38:13-47
89            <meta-data
89-->[:react-native-file-viewer] AndroidManifest.xml:15:13-17:70
90                android:name="android.support.FILE_PROVIDER_PATHS"
90-->[:react-native-file-viewer] AndroidManifest.xml:16:17-67
91                android:resource="@xml/provider_paths" />
91-->[:react-native-file-viewer] AndroidManifest.xml:17:17-67
92        </provider>
93
94        <meta-data
94-->[com.github.bumptech.glide:okhttp3-integration:4.12.0] AndroidManifest.xml:11:9-13:43
95            android:name="com.bumptech.glide.integration.okhttp3.OkHttpGlideModule"
95-->[com.github.bumptech.glide:okhttp3-integration:4.12.0] AndroidManifest.xml:12:13-84
96            android:value="GlideModule" />
96-->[com.github.bumptech.glide:okhttp3-integration:4.12.0] AndroidManifest.xml:13:13-40
97    </application>
98
99</manifest>